<?xml version="1.0" encoding="UTF-8"?>
<!-- Generated by org.testng.reporters.JUnitXMLReporter -->
<testsuite hostname="AAPCLW10-1670" ignored="0" name="Test" tests="4" failures="0" timestamp="19 May 2019 17:16:35 GMT" time="38.699" errors="0">
  <testcase name="tc01" time="33.982" classname="mainScript.DriverScript"/>
  <testcase name="tc02" time="3.494" classname="mainScript.DriverScript"/>
  <testcase name="tc03" time="0.269" classname="mainScript.DriverScript"/>
  <testcase name="tc04" time="0.239" classname="mainScript.DriverScript"/>
</testsuite> <!-- Test -->
